{
  "RSpec": {
    "coverage": {
      "/Users/vanessaflorio/Desktop/Gilded_Rose/spec/gilded_rose_spec.rb": {
        "lines": [
          1,
          1,
          null,
          null,
          1,
          5,
          11,
          16,
          19,
          19,
          20,
          null,
          1,
          19,
          null,
          null,
          1,
          1,
          1,
          null,
          null,
          1,
          1,
          null,
          null,
          1,
          2,
          null,
          1,
          1,
          null,
          null,
          null,
          1,
          2,
          null,
          1,
          1,
          null,
          null,
          null,
          1,
          3,
          null,
          1,
          1,
          null,
          null,
          1,
          2,
          null,
          1,
          1,
          null,
          null,
          null,
          null,
          1,
          4,
          null,
          1,
          1,
          null,
          null,
          1,
          1,
          null,
          null,
          1,
          2,
          1,
          1,
          null,
          null,
          null,
          null,
          1,
          10,
          null,
          1,
          2,
          null,
          1,
          1,
          null,
          null,
          null,
          1,
          2,
          null,
          1,
          1,
          null,
          null,
          null,
          1,
          2,
          null,
          1,
          1,
          null,
          null,
          null,
          1,
          2,
          null,
          1,
          1,
          null,
          null,
          null,
          1,
          2,
          null,
          1,
          1,
          null,
          null,
          null,
          1,
          1,
          1,
          null,
          null,
          null,
          1,
          1,
          1,
          null,
          null,
          null,
          1,
          2,
          null,
          1,
          1,
          null,
          null,
          null,
          1,
          2,
          null,
          1,
          1,
          null,
          null,
          null,
          null,
          1,
          1,
          null,
          1,
          null,
          null,
          null,
          null,
          1,
          1,
          1,
          null,
          null,
          null,
          null
        ]
      },
      "/Users/vanessaflorio/Desktop/Gilded_Rose/lib/gilded_rose.rb": {
        "lines": [
          null,
          null,
          1,
          null,
          1,
          19,
          null,
          null,
          1,
          19,
          20,
          8,
          4,
          null,
          12,
          11,
          11,
          9,
          7,
          null,
          9,
          4,
          null,
          null,
          null,
          20,
          17,
          null,
          20,
          2,
          2,
          1,
          1,
          1,
          null,
          0,
          0,
          null,
          null,
          null,
          null,
          null,
          null
        ]
      },
      "/Users/vanessaflorio/Desktop/Gilded_Rose/lib/item.rb": {
        "lines": [
          1,
          1,
          null,
          1,
          20,
          20,
          20,
          null,
          null,
          1,
          0,
          null,
          null,
          null
        ]
      }
    },
    "timestamp": 1645785027
  }
}
